Fri 29 Sep 2023 01:56:55 AM UTC: 
 heap.c | 3 +--
 1 file changed, 1 insertion(+), 2 deletions(-)
In file included from test.c:4:
heap.c:22:3: error: expected ‘;’ before ‘void’
   22 | }g
      |   ^
      |   ;
......
   25 | void heap_push(Heap* pq, void* data, int priority){
      | ~~~~
Compilation failed
9dbabca
Fri 29 Sep 2023 01:57:21 AM UTC: 
 heap.c | 4 +++-
 1 file changed, 3 insertions(+), 1 deletion(-)
 tests:  0|4
total_score: 0/70
ca32b6a
Fri 29 Sep 2023 01:57:45 AM UTC: 
 heap.c | 2 +-
 1 file changed, 1 insertion(+), 1 deletion(-)
In file included from test.c:4:
heap.c: In function ‘heap_top’:
heap.c:23:3: error: ‘yyy’ undeclared (first use in this function)
   23 |   yyy
      |   ^~~
heap.c:23:3: note: each undeclared identifier is reported only once for each function it appears in
heap.c:23:6: error: expected ‘;’ before ‘}’ token
   23 |   yyy
      |      ^
      |      ;
   24 | }
      | ~     
Compilation failed
7f73cf2
Fri 29 Sep 2023 02:01:32 AM UTC: 
 heap.c | 6 +++++-
 1 file changed, 5 insertions(+), 1 deletion(-)
In file included from test.c:4:
heap.c: In function ‘heap_top’:
heap.c:24:5: error: unknown type name ‘HANDLE’
   24 |     HANDLE handle; //
      |     ^~~~~~
heap.c:31:1: error: expected ‘;’, identifier or ‘(’ before ‘void’
   31 | void heap_push(Heap* pq, void* data, int priority){
      | ^~~~
test.c:276:5: error: ‘main’ is normally a non-static function [-Werror=main]
  276 | int main( int argc, char *argv[] ) {
      |     ^~~~
test.c:292:1: error: expected declaration or statement at end of input
  292 | }
      | ^
test.c:12:6: error: unused variable ‘msg’ [-Werror=unused-variable]
   12 | char msg[300];
      |      ^~~
At top level:
test.c:276:5: error: ‘main’ defined but not used [-Werror=unused-function]
  276 | int main( int argc, char *argv[] ) {
      |     ^~~~
test.c:6:8: error: ‘_strdup’ defined but not used [-Werror=unused-function]
    6 | char * _strdup(const char * str) {
      |        ^~~~~~~
cc1: all warnings being treated as errors
Compilation failed
8c0b1be
Fri 29 Sep 2023 02:01:37 AM UTC: 
 heap.c | 2 +-
 1 file changed, 1 insertion(+), 1 deletion(-)
In file included from test.c:4:
heap.c: In function ‘heap_top’:
heap.c:24:5: error: unknown type name ‘HANDLE’
   24 |     HANDLE handle; /
      |     ^~~~~~
heap.c:24:20: error: expected specifier-qualifier-list before ‘/’ token
   24 |     HANDLE handle; /
      |                    ^
heap.c:31:1: error: expected ‘;’, identifier or ‘(’ before ‘void’
   31 | void heap_push(Heap* pq, void* data, int priority){
      | ^~~~
test.c:276:5: error: ‘main’ is normally a non-static function [-Werror=main]
  276 | int main( int argc, char *argv[] ) {
      |     ^~~~
test.c:292:1: error: expected declaration or statement at end of input
  292 | }
      | ^
test.c:12:6: error: unused variable ‘msg’ [-Werror=unused-variable]
   12 | char msg[300];
      |      ^~~
At top level:
test.c:276:5: error: ‘main’ defined but not used [-Werror=unused-function]
  276 | int main( int argc, char *argv[] ) {
      |     ^~~~
test.c:6:8: error: ‘_strdup’ defined but not used [-Werror=unused-function]
    6 | char * _strdup(const char * str) {
      |        ^~~~~~~
cc1: all warnings being treated as errors
Compilation failed
9ecc920
Fri 29 Sep 2023 02:01:40 AM UTC: 
 heap.c | 2 +-
 1 file changed, 1 insertion(+), 1 deletion(-)
In file included from test.c:4:
heap.c: In function ‘heap_top’:
heap.c:24:5: error: unknown type name ‘HANDLE’
   24 |     HANDLE handle;
      |     ^~~~~~
heap.c:31:1: error: expected ‘;’, identifier or ‘(’ before ‘void’
   31 | void heap_push(Heap* pq, void* data, int priority){
      | ^~~~
test.c:276:5: error: ‘main’ is normally a non-static function [-Werror=main]
  276 | int main( int argc, char *argv[] ) {
      |     ^~~~
test.c:292:1: error: expected declaration or statement at end of input
  292 | }
      | ^
test.c:12:6: error: unused variable ‘msg’ [-Werror=unused-variable]
   12 | char msg[300];
      |      ^~~
At top level:
test.c:276:5: error: ‘main’ defined but not used [-Werror=unused-function]
  276 | int main( int argc, char *argv[] ) {
      |     ^~~~
test.c:6:8: error: ‘_strdup’ defined but not used [-Werror=unused-function]
    6 | char * _strdup(const char * str) {
      |        ^~~~~~~
cc1: all warnings being treated as errors
Compilation failed
ebefc25
Fri 29 Sep 2023 02:01:47 AM UTC: 
 heap.c | 1 -
 1 file changed, 1 deletion(-)
In file included from test.c:4:
heap.c: In function ‘heap_top’:
heap.c:24:5: error: unknown type name ‘HANDLE’
   24 |     HANDLE handle;
      |     ^~~~~~
heap.c:30:1: error: expected ‘;’, identifier or ‘(’ before ‘void’
   30 | void heap_push(Heap* pq, void* data, int priority){
      | ^~~~
test.c:276:5: error: ‘main’ is normally a non-static function [-Werror=main]
  276 | int main( int argc, char *argv[] ) {
      |     ^~~~
test.c:292:1: error: expected declaration or statement at end of input
  292 | }
      | ^
test.c:12:6: error: unused variable ‘msg’ [-Werror=unused-variable]
   12 | char msg[300];
      |      ^~~
At top level:
test.c:276:5: error: ‘main’ defined but not used [-Werror=unused-function]
  276 | int main( int argc, char *argv[] ) {
      |     ^~~~
test.c:6:8: error: ‘_strdup’ defined but not used [-Werror=unused-function]
    6 | char * _strdup(const char * str) {
      |        ^~~~~~~
cc1: all warnings being treated as errors
Compilation failed
df15ea3
Fri 29 Sep 2023 02:02:33 AM UTC: 
 heap.c | 5 ++---
 1 file changed, 2 insertions(+), 3 deletions(-)
In file included from test.c:4:
heap.c: In function ‘heap_top’:
heap.c:25:9: error: unused variable ‘size’ [-Werror=unused-variable]
   25 |     int size;
      |         ^~~~
cc1: all warnings being treated as errors
Compilation failed
395371a
Fri 29 Sep 2023 02:02:40 AM UTC: 
 heap.c | 1 -
 1 file changed, 1 deletion(-)
 tests:  0|4
total_score: 0/70
622e1f7
Fri 29 Sep 2023 02:02:58 AM UTC: 
 heap.c | 29 +++++++++++++++++++++++++++++
 1 file changed, 29 insertions(+)
In file included from test.c:4:
heap.c: In function ‘createHeap’:
heap.c:28:9: error: ‘Heap’ {aka ‘struct Heap’} has no member named ‘handle’
   28 |     heap->handle = HeapCreate(0, 3 * sizeof(int), 0);
      |         ^~
heap.c:28:20: error: implicit declaration of function ‘HeapCreate’ [-Werror=implicit-function-declaration]
   28 |     heap->handle = HeapCreate(0, 3 * sizeof(int), 0);
      |                    ^~~~~~~~~~
heap.c:29:13: error: ‘Heap’ {aka ‘struct Heap’} has no member named ‘handle’
   29 |     if (heap->handle == NULL) {
      |             ^~
heap.c:35:30: error: implicit declaration of function ‘HeapAlloc’; did you mean ‘realloc’? [-Werror=implicit-function-declaration]
   35 |     heap->heapArray = (int*) HeapAlloc(heap->handle, 0, 3 * sizeof(int));
      |                              ^~~~~~~~~
      |                              realloc
heap.c:35:44: error: ‘Heap’ {aka ‘struct Heap’} has no member named ‘handle’
   35 |     heap->heapArray = (int*) HeapAlloc(heap->handle, 0, 3 * sizeof(int));
      |                                            ^~
heap.c:38:9: error: implicit declaration of function ‘HeapDestroy’ [-Werror=implicit-function-declaration]
   38 |         HeapDestroy(heap->handle); // Destruir el heap privado
      |         ^~~~~~~~~~~
heap.c:38:25: error: ‘Heap’ {aka ‘struct Heap’} has no member named ‘handle’
   38 |         HeapDestroy(heap->handle); // Destruir el heap privado
      |                         ^~
heap.c:44:11: error: ‘Heap’ {aka ‘struct Heap’} has no member named ‘capacity’; did you mean ‘capac’?
   44 |     heap->capacity = 3; // La capacidad inicial es de 3 casillas
      |           ^~~~~~~~
      |           capac
At top level:
heap.c:21:9: error: ‘createHeap’ defined but not used [-Werror=unused-function]
   21 |   Heap* createHeap() {
      |         ^~~~~~~~~~
cc1: all warnings being treated as errors
Compilation failed
736047c
Fri 29 Sep 2023 02:03:20 AM UTC: 
 heap.c | 10 ++++------
 1 file changed, 4 insertions(+), 6 deletions(-)
In file included from test.c:4:
heap.c: In function ‘createHeap’:
heap.c:28:9: error: ‘Heap’ {aka ‘struct Heap’} has no member named ‘handle’
   28 |     heap->handle = HeapCreate(0, 3 * sizeof(int), 0);
      |         ^~
heap.c:28:20: error: implicit declaration of function ‘HeapCreate’ [-Werror=implicit-function-declaration]
   28 |     heap->handle = HeapCreate(0, 3 * sizeof(int), 0);
      |                    ^~~~~~~~~~
heap.c:29:13: error: ‘Heap’ {aka ‘struct Heap’} has no member named ‘handle’
   29 |     if (heap->handle == NULL) {
      |             ^~
heap.c:35:30: error: implicit declaration of function ‘HeapAlloc’; did you mean ‘realloc’? [-Werror=implicit-function-declaration]
   35 |     heap->heapArray = (int*) HeapAlloc(heap->handle, 0, 3 * sizeof(int));
      |                              ^~~~~~~~~
      |                              realloc
heap.c:35:44: error: ‘Heap’ {aka ‘struct Heap’} has no member named ‘handle’
   35 |     heap->heapArray = (int*) HeapAlloc(heap->handle, 0, 3 * sizeof(int));
      |                                            ^~
heap.c:38:9: error: implicit declaration of function ‘HeapDestroy’ [-Werror=implicit-function-declaration]
   38 |         HeapDestroy(heap->handle);
      |         ^~~~~~~~~~~
heap.c:38:25: error: ‘Heap’ {aka ‘struct Heap’} has no member named ‘handle’
   38 |         HeapDestroy(heap->handle);
      |                         ^~
heap.c:43:11: error: ‘Heap’ {aka ‘struct Heap’} has no member named ‘capacity’; did you mean ‘capac’?
   43 |     heap->capacity = 3;
      |           ^~~~~~~~
      |           capac
At top level:
heap.c:21:9: error: ‘createHeap’ defined but not used [-Werror=unused-function]
   21 |   Heap* createHeap() {
      |         ^~~~~~~~~~
cc1: all warnings being treated as errors
Compilation failed
ee1e961
Fri 29 Sep 2023 02:03:25 AM UTC: 
 heap.c | 2 +-
 1 file changed, 1 insertion(+), 1 deletion(-)
In file included from test.c:4:
heap.c: In function ‘createHeap’:
heap.c:28:9: error: ‘Heap’ {aka ‘struct Heap’} has no member named ‘handle’
   28 |     heap->handle = HeapCreate(0, 3 * sizeof(int), 0);
      |         ^~
heap.c:28:20: error: implicit declaration of function ‘HeapCreate’ [-Werror=implicit-function-declaration]
   28 |     heap->handle = HeapCreate(0, 3 * sizeof(int), 0);
      |                    ^~~~~~~~~~
heap.c:29:13: error: ‘Heap’ {aka ‘struct Heap’} has no member named ‘handle’
   29 |     if (heap->handle == NULL) {
      |             ^~
heap.c:35:30: error: implicit declaration of function ‘HeapAlloc’; did you mean ‘realloc’? [-Werror=implicit-function-declaration]
   35 |     heap->heapArray = (int*) HeapAlloc(heap->handle, 0, 3 * sizeof(int));
      |                              ^~~~~~~~~
      |                              realloc
heap.c:35:44: error: ‘Heap’ {aka ‘struct Heap’} has no member named ‘handle’
   35 |     heap->heapArray = (int*) HeapAlloc(heap->handle, 0, 3 * sizeof(int));
      |                                            ^~
heap.c:38:9: error: implicit declaration of function ‘HeapDestroy’ [-Werror=implicit-function-declaration]
   38 |         HeapDestroy(heap->handle);
      |         ^~~~~~~~~~~
heap.c:38:25: error: ‘Heap’ {aka ‘struct Heap’} has no member named ‘handle’
   38 |         HeapDestroy(heap->handle);
      |                         ^~
heap.c:43:11: error: ‘Heap’ {aka ‘struct Heap’} has no member named ‘capacity’; did you mean ‘capac’?
   43 |     heap->capacity = 3;
      |           ^~~~~~~~
      |           capac
At top level:
heap.c:21:9: error: ‘createHeap’ defined but not used [-Werror=unused-function]
   21 |   Heap* createHeap() {
      |         ^~~~~~~~~~
cc1: all warnings being treated as errors
Compilation failed
5b5ba05
Fri 29 Sep 2023 02:03:35 AM UTC: 
 heap.c | 2 +-
 1 file changed, 1 insertion(+), 1 deletion(-)
In file included from test.c:4:
heap.c: In function ‘createHeap’:
heap.c:28:9: error: ‘Heap’ {aka ‘struct Heap’} has no member named ‘handle’
   28 |     heap->handle = HeapCreate(0, 3 * sizeof(int), 0);
      |         ^~
heap.c:28:20: error: implicit declaration of function ‘HeapCreate’ [-Werror=implicit-function-declaration]
   28 |     heap->handle = HeapCreate(0, 3 * sizeof(int), 0);
      |                    ^~~~~~~~~~
heap.c:29:13: error: ‘Heap’ {aka ‘struct Heap’} has no member named ‘handle’
   29 |     if (heap->handle == NULL) {
      |             ^~
heap.c:35:30: error: implicit declaration of function ‘HeapAlloc’; did you mean ‘realloc’? [-Werror=implicit-function-declaration]
   35 |     heap->heapArray = (int*) HeapAlloc(heap->handle, 0, 3 * sizeof(int));
      |                              ^~~~~~~~~
      |                              realloc
heap.c:35:44: error: ‘Heap’ {aka ‘struct Heap’} has no member named ‘handle’
   35 |     heap->heapArray = (int*) HeapAlloc(heap->handle, 0, 3 * sizeof(int));
      |                                            ^~
heap.c:38:9: error: implicit declaration of function ‘HeapDestroy’ [-Werror=implicit-function-declaration]
   38 |         HeapDestroy(heap->handle);
      |         ^~~~~~~~~~~
heap.c:38:25: error: ‘Heap’ {aka ‘struct Heap’} has no member named ‘handle’
   38 |         HeapDestroy(heap->handle);
      |                         ^~
heap.c:43:11: error: ‘Heap’ {aka ‘struct Heap’} has no member named ‘capacity’; did you mean ‘capac’?
   43 |     heap->capacity = 3;
      |           ^~~~~~~~
      |           capac
At top level:
heap.c:21:9: error: ‘createHeap’ defined but not used [-Werror=unused-function]
   21 |   Heap* createHeap() {
      |         ^~~~~~~~~~
cc1: all warnings being treated as errors
Compilation failed
d0f91f1
Fri 29 Sep 2023 02:03:47 AM UTC: 
 heap.c | 2 +-
 1 file changed, 1 insertion(+), 1 deletion(-)
In file included from test.c:4:
heap.c: In function ‘heap_top’:
heap.c:28:9: error: ‘Heap’ {aka ‘struct Heap’} has no member named ‘handle’
   28 |     heap->handle = HeapCreate(0, 3 * sizeof(int), 0);
      |         ^~
heap.c:28:20: error: implicit declaration of function ‘HeapCreate’ [-Werror=implicit-function-declaration]
   28 |     heap->handle = HeapCreate(0, 3 * sizeof(int), 0);
      |                    ^~~~~~~~~~
heap.c:29:13: error: ‘Heap’ {aka ‘struct Heap’} has no member named ‘handle’
   29 |     if (heap->handle == NULL) {
      |             ^~
heap.c:35:30: error: implicit declaration of function ‘HeapAlloc’; did you mean ‘realloc’? [-Werror=implicit-function-declaration]
   35 |     heap->heapArray = (int*) HeapAlloc(heap->handle, 0, 3 * sizeof(int));
      |                              ^~~~~~~~~
      |                              realloc
heap.c:35:44: error: ‘Heap’ {aka ‘struct Heap’} has no member named ‘handle’
   35 |     heap->heapArray = (int*) HeapAlloc(heap->handle, 0, 3 * sizeof(int));
      |                                            ^~
heap.c:38:9: error: implicit declaration of function ‘HeapDestroy’ [-Werror=implicit-function-declaration]
   38 |         HeapDestroy(heap->handle);
      |         ^~~~~~~~~~~
heap.c:38:25: error: ‘Heap’ {aka ‘struct Heap’} has no member named ‘handle’
   38 |         HeapDestroy(heap->handle);
      |                         ^~
heap.c:43:11: error: ‘Heap’ {aka ‘struct Heap’} has no member named ‘capacity’; did you mean ‘capac’?
   43 |     heap->capacity = 3;
      |           ^~~~~~~~
      |           capac
heap.c: At top level:
heap.c:48:5: error: expected identifier or ‘(’ before ‘return’
   48 |     return NULL;
      |     ^~~~~~
heap.c:52:1: error: expected identifier or ‘(’ before ‘}’ token
   52 | }
      | ^
heap.c: In function ‘heap_top’:
heap.c:47:1: error: control reaches end of non-void function [-Werror=return-type]
   47 | }
      | ^
cc1: all warnings being treated as errors
Compilation failed
81810c8
Fri 29 Sep 2023 02:04:06 AM UTC: 
 heap.c | 26 --------------------------
 1 file changed, 26 deletions(-)
 tests:  0|4
total_score: 0/70
dc69841
Fri 29 Sep 2023 02:05:16 AM UTC: 
 heap.c | 22 +++++++++++++++++++---
 1 file changed, 19 insertions(+), 3 deletions(-)
In file included from test.c:4:
heap.c:55:7: error: redefinition of ‘createHeap’
   55 | Heap* createHeap(){
      |       ^~~~~~~~~~
heap.c:20:7: note: previous definition of ‘createHeap’ with type ‘Heap *()’ {aka ‘struct Heap *()’}
   20 | Heap* createHeap() {
      |       ^~~~~~~~~~
Compilation failed
5440a13
Fri 29 Sep 2023 02:05:50 AM UTC: 
 heap.c | 4 ----
 1 file changed, 4 deletions(-)
/nix/store/039g378vc3pc3dvi9dzdlrd0i4q93qwf-binutils-2.39/bin/ld: /tmp/ccZRQHJq.o: in function `test_top':
test.c:(.text+0x41f): undefined reference to `heap_top'
/nix/store/039g378vc3pc3dvi9dzdlrd0i4q93qwf-binutils-2.39/bin/ld: test.c:(.text+0x45b): undefined reference to `heap_top'
/nix/store/039g378vc3pc3dvi9dzdlrd0i4q93qwf-binutils-2.39/bin/ld: test.c:(.text+0x499): undefined reference to `heap_top'
collect2: error: ld returned 1 exit status
Compilation failed
acdf98a
Fri 29 Sep 2023 02:05:52 AM UTC: 
/nix/store/039g378vc3pc3dvi9dzdlrd0i4q93qwf-binutils-2.39/bin/ld: /tmp/ccAWXfo2.o: in function `test_top':
test.c:(.text+0x41f): undefined reference to `heap_top'
/nix/store/039g378vc3pc3dvi9dzdlrd0i4q93qwf-binutils-2.39/bin/ld: test.c:(.text+0x45b): undefined reference to `heap_top'
/nix/store/039g378vc3pc3dvi9dzdlrd0i4q93qwf-binutils-2.39/bin/ld: test.c:(.text+0x499): undefined reference to `heap_top'
collect2: error: ld returned 1 exit status
Compilation failed
db33035
Fri 29 Sep 2023 02:05:55 AM UTC: 
/nix/store/039g378vc3pc3dvi9dzdlrd0i4q93qwf-binutils-2.39/bin/ld: /tmp/ccFLC73z.o: in function `test_top':
test.c:(.text+0x41f): undefined reference to `heap_top'
/nix/store/039g378vc3pc3dvi9dzdlrd0i4q93qwf-binutils-2.39/bin/ld: test.c:(.text+0x45b): undefined reference to `heap_top'
/nix/store/039g378vc3pc3dvi9dzdlrd0i4q93qwf-binutils-2.39/bin/ld: test.c:(.text+0x499): undefined reference to `heap_top'
collect2: error: ld returned 1 exit status
Compilation failed
649b5d7
Fri 29 Sep 2023 02:06:00 AM UTC: 
 heap.c | 4 ++++
 1 file changed, 4 insertions(+)
In file included from test.c:4:
heap.c:55:7: error: redefinition of ‘createHeap’
   55 | Heap* createHeap(){
      |       ^~~~~~~~~~
heap.c:20:7: note: previous definition of ‘createHeap’ with type ‘Heap *()’ {aka ‘struct Heap *()’}
   20 | Heap* createHeap() {
      |       ^~~~~~~~~~
Compilation failed
63c09f3
Fri 29 Sep 2023 02:06:02 AM UTC: 
In file included from test.c:4:
heap.c:55:7: error: redefinition of ‘createHeap’
   55 | Heap* createHeap(){
      |       ^~~~~~~~~~
heap.c:20:7: note: previous definition of ‘createHeap’ with type ‘Heap *()’ {aka ‘struct Heap *()’}
   20 | Heap* createHeap() {
      |       ^~~~~~~~~~
Compilation failed
92a469a
Fri 29 Sep 2023 02:06:56 AM UTC: 
 heap.c | 32 ++++++++++++++++----------------
 1 file changed, 16 insertions(+), 16 deletions(-)
 tests:  1|3
total_score: 10/70
11768e4
Sat 14 Oct 2023 06:26:49 PM UTC: 
 heap.c | 84 +++++++++++++++++++++++++++++++++++++++++++++++++++++++-----------
 1 file changed, 70 insertions(+), 14 deletions(-)
In file included from test.c:4:
heap.c: In function ‘heap_top’:
heap.c:25:29: error: expected ‘;’ before ‘}’ token
   25 |   return pq->heapArray->data
      |                             ^
      |                             ;
   26 | }
      | ~                            
Compilation failed
61899cb
Sat 14 Oct 2023 06:26:56 PM UTC: 
 heap.c | 2 +-
 1 file changed, 1 insertion(+), 1 deletion(-)
/nix/store/039g378vc3pc3dvi9dzdlrd0i4q93qwf-binutils-2.39/bin/ld: /tmp/ccuklCpe.o: in function `test_create':
test.c:(.text+0xf6): undefined reference to `createHeap'
/nix/store/039g378vc3pc3dvi9dzdlrd0i4q93qwf-binutils-2.39/bin/ld: /tmp/ccuklCpe.o: in function `test_push':
test.c:(.text+0x489): undefined reference to `heap_push'
/nix/store/039g378vc3pc3dvi9dzdlrd0i4q93qwf-binutils-2.39/bin/ld: test.c:(.text+0x509): undefined reference to `heap_push'
/nix/store/039g378vc3pc3dvi9dzdlrd0i4q93qwf-binutils-2.39/bin/ld: test.c:(.text+0x5a2): undefined reference to `heap_push'
/nix/store/039g378vc3pc3dvi9dzdlrd0i4q93qwf-binutils-2.39/bin/ld: test.c:(.text+0x620): undefined reference to `heap_push'
/nix/store/039g378vc3pc3dvi9dzdlrd0i4q93qwf-binutils-2.39/bin/ld: test.c:(.text+0x644): undefined reference to `heap_push'
/nix/store/039g378vc3pc3dvi9dzdlrd0i4q93qwf-binutils-2.39/bin/ld: /tmp/ccuklCpe.o: in function `test_pop':
test.c:(.text+0x6f1): undefined reference to `heap_pop'
/nix/store/039g378vc3pc3dvi9dzdlrd0i4q93qwf-binutils-2.39/bin/ld: test.c:(.text+0x733): undefined reference to `heap_pop'
/nix/store/039g378vc3pc3dvi9dzdlrd0i4q93qwf-binutils-2.39/bin/ld: test.c:(.text+0x751): undefined reference to `heap_pop'
/nix/store/039g378vc3pc3dvi9dzdlrd0i4q93qwf-binutils-2.39/bin/ld: test.c:(.text+0x76b): undefined reference to `heap_pop'
/nix/store/039g378vc3pc3dvi9dzdlrd0i4q93qwf-binutils-2.39/bin/ld: test.c:(.text+0x789): undefined reference to `heap_pop'
collect2: error: ld returned 1 exit status
Compilation failed
bf4d914
Sat 14 Oct 2023 06:26:59 PM UTC: 
/nix/store/039g378vc3pc3dvi9dzdlrd0i4q93qwf-binutils-2.39/bin/ld: /tmp/ccySS2dI.o: in function `test_create':
test.c:(.text+0xf6): undefined reference to `createHeap'
/nix/store/039g378vc3pc3dvi9dzdlrd0i4q93qwf-binutils-2.39/bin/ld: /tmp/ccySS2dI.o: in function `test_push':
test.c:(.text+0x489): undefined reference to `heap_push'
/nix/store/039g378vc3pc3dvi9dzdlrd0i4q93qwf-binutils-2.39/bin/ld: test.c:(.text+0x509): undefined reference to `heap_push'
/nix/store/039g378vc3pc3dvi9dzdlrd0i4q93qwf-binutils-2.39/bin/ld: test.c:(.text+0x5a2): undefined reference to `heap_push'
/nix/store/039g378vc3pc3dvi9dzdlrd0i4q93qwf-binutils-2.39/bin/ld: test.c:(.text+0x620): undefined reference to `heap_push'
/nix/store/039g378vc3pc3dvi9dzdlrd0i4q93qwf-binutils-2.39/bin/ld: test.c:(.text+0x644): undefined reference to `heap_push'
/nix/store/039g378vc3pc3dvi9dzdlrd0i4q93qwf-binutils-2.39/bin/ld: /tmp/ccySS2dI.o: in function `test_pop':
test.c:(.text+0x6f1): undefined reference to `heap_pop'
/nix/store/039g378vc3pc3dvi9dzdlrd0i4q93qwf-binutils-2.39/bin/ld: test.c:(.text+0x733): undefined reference to `heap_pop'
/nix/store/039g378vc3pc3dvi9dzdlrd0i4q93qwf-binutils-2.39/bin/ld: test.c:(.text+0x751): undefined reference to `heap_pop'
/nix/store/039g378vc3pc3dvi9dzdlrd0i4q93qwf-binutils-2.39/bin/ld: test.c:(.text+0x76b): undefined reference to `heap_pop'
/nix/store/039g378vc3pc3dvi9dzdlrd0i4q93qwf-binutils-2.39/bin/ld: test.c:(.text+0x789): undefined reference to `heap_pop'
collect2: error: ld returned 1 exit status
Compilation failed
22cd4f9
Sat 14 Oct 2023 06:28:38 PM UTC: 
 heap.c | 6 +++---
 1 file changed, 3 insertions(+), 3 deletions(-)
In file included from test.c:4:
heap.c: In function ‘createHeap’:
heap.c:99:16: error: expected ‘;’ before ‘}’ token
   99 |     return heap
      |                ^
      |                ;
  100 | }
      | ~               
Compilation failed
6db1111
Sat 14 Oct 2023 06:28:41 PM UTC: 
In file included from test.c:4:
heap.c: In function ‘createHeap’:
heap.c:99:16: error: expected ‘;’ before ‘}’ token
   99 |     return heap
      |                ^
      |                ;
  100 | }
      | ~               
Compilation failed
1988bb4
Sat 14 Oct 2023 06:29:42 PM UTC: 
 heap.c | 47 +----------------------------------------------
 1 file changed, 1 insertion(+), 46 deletions(-)
 tests:  2|2
total_score: 20/70
8f2fc9c
Sat 14 Oct 2023 06:29:50 PM UTC: 
 heap.c | 2 +-
 1 file changed, 1 insertion(+), 1 deletion(-)
In file included from test.c:4:
heap.c: In function ‘heap_push’:
heap.c:30:1: error: ‘uu’ undeclared (first use in this function)
   30 | uu
      | ^~
heap.c:30:1: note: each undeclared identifier is reported only once for each function it appears in
heap.c:30:3: error: expected ‘;’ before ‘}’ token
   30 | uu
      |   ^
      |   ;
   31 | }
      | ~  
Compilation failed
ca3e817
Sat 14 Oct 2023 06:29:56 PM UTC: 
 heap.c | 2 +-
 1 file changed, 1 insertion(+), 1 deletion(-)
 tests:  2|2
total_score: 20/70
c0038fc
Sat 14 Oct 2023 06:30:19 PM UTC: 
 heap.c | 17 +++++++++++++++++
 1 file changed, 17 insertions(+)
In file included from test.c:4:
heap.c: In function ‘heap_push’:
heap.c:30:3: error: implicit declaration of function ‘i’ [-Werror=implicit-function-declaration]
   30 |   i(pq->size == pq->capac)
      |   ^
heap.c:30:27: error: expected ‘;’ before ‘{’ token
   30 |   i(pq->size == pq->capac)
      |                           ^
      |                           ;
   31 |   {
      |   ~                        
heap.c:37:16: error: array subscript is not an integer
   37 |   pq->heapArray[i].priority = p;
      |                ^
heap.c:38:16: error: array subscript is not an integer
   38 |   pq->heapArray[i].data = data;
      |                ^
heap.c:41:31: error: array subscript is not an integer
   41 |   while(i > 0 && pq->heapArray[i].priority > pq->heapArray[(i - 1)/2].priority)
      |                               ^
heap.c:41:67: error: invalid operands to binary / (have ‘int (*)()’ and ‘int’)
   41 |   while(i > 0 && pq->heapArray[i].priority > pq->heapArray[(i - 1)/2].priority)
      |                                                            ~~~~~~~^
      |                                                               |
      |                                                               int (*)()
heap.c:43:33: error: array subscript is not an integer
   43 |     heapElem tmp = pq->heapArray[i]; //Variable temporal, para guardar dato que se desea cambiar
      |                                 ^
heap.c:44:18: error: array subscript is not an integer
   44 |     pq->heapArray[i] = pq->heapArray[(i - 1)/2];
      |                  ^
heap.c:44:45: error: invalid operands to binary / (have ‘int (*)()’ and ‘int’)
   44 |     pq->heapArray[i] = pq->heapArray[(i - 1)/2];
      |                                      ~~~~~~~^
      |                                         |
      |                                         int (*)()
heap.c:45:26: error: invalid operands to binary / (have ‘int (*)()’ and ‘int’)
   45 |     pq->heapArray[(i - 1)/2] = tmp;
      |                   ~~~~~~~^
      |                      |
      |                      int (*)()
heap.c:46:16: error: invalid operands to binary / (have ‘int (*)()’ and ‘int’)
   46 |     i = (i - 1)/2;
      |         ~~~~~~~^
      |            |
      |            int (*)()
cc1: all warnings being treated as errors
Compilation failed
a10ad57
Sat 14 Oct 2023 06:30:36 PM UTC: 
 heap.c | 4 ++--
 1 file changed, 2 insertions(+), 2 deletions(-)
In file included from test.c:4:
heap.c: In function ‘heap_push’:
heap.c:30:3: error: this ‘if’ clause does not guard... [-Werror=misleading-indentation]
   30 |   if(pq->size == pq->capac);
      |   ^~
heap.c:31:3: note: ...this statement, but the latter is misleadingly indented as if it were guarded by the ‘if’
   31 |   {
      |   ^
heap.c:43:5: error: unknown type name ‘heapElemñ’; did you mean ‘heapElem’?
   43 |     heapElemñ tmp = pq->heapArray[i]; //Variable temporal, para guardar dato que se desea cambiar
      |     ^~~~~~~~~
      |     heapElem
heap.c:43:21: error: incompatible types when initializing type ‘int’ using type ‘heapElem’ {aka ‘struct nodo’}
   43 |     heapElemñ tmp = pq->heapArray[i]; //Variable temporal, para guardar dato que se desea cambiar
      |                     ^~
heap.c:45:32: error: incompatible types when assigning to type ‘heapElem’ {aka ‘struct nodo’} from type ‘int’
   45 |     pq->heapArray[(i - 1)/2] = tmp;
      |                                ^~~
cc1: all warnings being treated as errors
Compilation failed
69088d7
Sat 14 Oct 2023 06:31:08 PM UTC: 
 heap.c | 4 ++--
 1 file changed, 2 insertions(+), 2 deletions(-)
In file included from test.c:4:
heap.c: In function ‘heap_push’:
heap.c:30:3: error: this ‘if’ clause does not guard... [-Werror=misleading-indentation]
   30 |   if(pq->size == pq->capac);
      |   ^~
heap.c:31:3: note: ...this statement, but the latter is misleadingly indented as if it were guarded by the ‘if’
   31 |   {
      |   ^
heap.c:45:32: error: ‘tm’ undeclared (first use in this function); did you mean ‘tmp’?
   45 |     pq->heapArray[(i - 1)/2] = tm;
      |                                ^~
      |                                tmp
heap.c:45:32: note: each undeclared identifier is reported only once for each function it appears in
heap.c:43:14: error: unused variable ‘tmp’ [-Werror=unused-variable]
   43 |     heapElem tmp = pq->heapArray[i]; //Variable temporal, para guardar dato que se desea cambiar
      |              ^~~
cc1: all warnings being treated as errors
Compilation failed
383b617
Sat 14 Oct 2023 06:31:15 PM UTC: 
 heap.c | 4 ++--
 1 file changed, 2 insertions(+), 2 deletions(-)
In file included from test.c:4:
heap.c: In function ‘heap_push’:
heap.c:30:3: error: this ‘if’ clause does not guard... [-Werror=misleading-indentation]
   30 |   if(pq->size == pq->capac);
      |   ^~
heap.c:31:3: note: ...this statement, but the latter is misleadingly indented as if it were guarded by the ‘if’
   31 |   {
      |   ^
test.c:276:5: error: ‘main’ is normally a non-static function [-Werror=main]
  276 | int main( int argc, char *argv[] ) {
      |     ^~~~
test.c:292:1: error: expected declaration or statement at end of input
  292 | }
      | ^
test.c:12:6: error: unused variable ‘msg’ [-Werror=unused-variable]
   12 | char msg[300];
      |      ^~~
At top level:
test.c:276:5: error: ‘main’ defined but not used [-Werror=unused-function]
  276 | int main( int argc, char *argv[] ) {
      |     ^~~~
test.c:6:8: error: ‘_strdup’ defined but not used [-Werror=unused-function]
    6 | char * _strdup(const char * str) {
      |        ^~~~~~~
cc1: all warnings being treated as errors
Compilation failed
da2ef30
Sat 14 Oct 2023 06:31:28 PM UTC: 
 heap.c | 2 +-
 1 file changed, 1 insertion(+), 1 deletion(-)
In file included from test.c:4:
heap.c: In function ‘heap_push’:
heap.c:30:3: error: this ‘if’ clause does not guard... [-Werror=misleading-indentation]
   30 |   if(pq->size == pq->capac);
      |   ^~
heap.c:31:3: note: ...this statement, but the latter is misleadingly indented as if it were guarded by the ‘if’
   31 |   {
      |   ^
heap.c:47:4: error: expected expression before ‘[’ token
   47 |   }[
      |    ^
test.c:292:1: error: expected declaration or statement at end of input
  292 | }
      | ^
cc1: all warnings being treated as errors
Compilation failed
b93f88b
Sat 14 Oct 2023 06:31:35 PM UTC: 
 heap.c | 2 +-
 1 file changed, 1 insertion(+), 1 deletion(-)
In file included from test.c:4:
heap.c: In function ‘heap_push’:
heap.c:30:3: error: this ‘if’ clause does not guard... [-Werror=misleading-indentation]
   30 |   if(pq->size == pq->capac);
      |   ^~
heap.c:31:3: note: ...this statement, but the latter is misleadingly indented as if it were guarded by the ‘if’
   31 |   {
      |   ^
test.c:276:5: error: ‘main’ is normally a non-static function [-Werror=main]
  276 | int main( int argc, char *argv[] ) {
      |     ^~~~
test.c:292:1: error: expected declaration or statement at end of input
  292 | }
      | ^
test.c:12:6: error: unused variable ‘msg’ [-Werror=unused-variable]
   12 | char msg[300];
      |      ^~~
test.c:292:1: error: expected declaration or statement at end of input
  292 | }
      | ^
At top level:
test.c:276:5: error: ‘main’ defined but not used [-Werror=unused-function]
  276 | int main( int argc, char *argv[] ) {
      |     ^~~~
test.c:6:8: error: ‘_strdup’ defined but not used [-Werror=unused-function]
    6 | char * _strdup(const char * str) {
      |        ^~~~~~~
cc1: all warnings being treated as errors
Compilation failed
8a058c6
Sat 14 Oct 2023 06:32:06 PM UTC: 
 heap.c | 4 ++--
 1 file changed, 2 insertions(+), 2 deletions(-)
In file included from test.c:4:
heap.c: In function ‘heap_push’:
heap.c:30:3: error: this ‘if’ clause does not guard... [-Werror=misleading-indentation]
   30 |   if(pq->size == pq->capac);
      |   ^~
heap.c:31:3: note: ...this statement, but the latter is misleadingly indented as if it were guarded by the ‘if’
   31 |   {
      |   ^
cc1: all warnings being treated as errors
Compilation failed
c607746
Sat 14 Oct 2023 06:32:17 PM UTC: 
 heap.c | 2 +-
 1 file changed, 1 insertion(+), 1 deletion(-)
In file included from test.c:4:
heap.c: In function ‘heap_push’:
heap.c:30:3: error: this ‘if’ clause does not guard... [-Werror=misleading-indentation]
   30 |   if(pq->size == pq->capac);
      |   ^~
heap.c:31:3: note: ...this statement, but the latter is misleadingly indented as if it were guarded by the ‘if’
   31 |   {
      |   ^
cc1: all warnings being treated as errors
Compilation failed
c7ac910
Sat 14 Oct 2023 06:32:37 PM UTC: 
 heap.c | 2 +-
 1 file changed, 1 insertion(+), 1 deletion(-)
In file included from test.c:4:
heap.c: In function ‘heap_push’:
heap.c:30:28: error: expected expression before ‘:’ token
   30 |   if(pq->size == pq->capac):
      |                            ^
heap.c:37:17: error: ‘i’ undeclared (first use in this function)
   37 |   pq->heapArray[i].priority = p;
      |                 ^
heap.c:37:17: note: each undeclared identifier is reported only once for each function it appears in
Compilation failed
d151f16
Sat 14 Oct 2023 06:32:43 PM UTC: 
 heap.c | 2 +-
 1 file changed, 1 insertion(+), 1 deletion(-)
 tests:  7|1
total_score: 45/70
c4af1fb
Sat 14 Oct 2023 06:33:04 PM UTC: 
 heap.c | 2 +-
 1 file changed, 1 insertion(+), 1 deletion(-)
 tests:  4|2
total_score: 30/70
a199a4c
Sat 14 Oct 2023 06:33:44 PM UTC: 
 heap.c | 28 ++++++++++++++++++++++++++++
 1 file changed, 28 insertions(+)
In file included from test.c:4:
heap.c: In function ‘heap_pop’:
heap.c:76:32: error: expected ‘;’ before ‘k’
   76 |       pq->heapArray[tmp] = tmp2
      |                                ^
      |                                ;
   77 |       k = tmp;
      |       ~                         
heap.c:81:15: error: expected ‘;’ before ‘}’ token
   81 |   pq->size = i
      |               ^
      |               ;
   82 | }
      | ~              
test.c:276:5: error: ‘main’ is normally a non-static function [-Werror=main]
  276 | int main( int argc, char *argv[] ) {
      |     ^~~~
test.c:292:1: error: expected declaration or statement at end of input
  292 | }
      | ^
test.c:12:6: error: unused variable ‘msg’ [-Werror=unused-variable]
   12 | char msg[300];
      |      ^~~
At top level:
test.c:276:5: error: ‘main’ defined but not used [-Werror=unused-function]
  276 | int main( int argc, char *argv[] ) {
      |     ^~~~
test.c:6:8: error: ‘_strdup’ defined but not used [-Werror=unused-function]
    6 | char * _strdup(const char * str) {
      |        ^~~~~~~
cc1: all warnings being treated as errors
Compilation failed
97b546e
Sat 14 Oct 2023 06:33:52 PM UTC: 
 heap.c | 34 +++-------------------------------
 1 file changed, 3 insertions(+), 31 deletions(-)
In file included from test.c:4:
heap.c: In function ‘heap_push’:
heap.c:30:3: error: this ‘if’ clause does not guard... [-Werror=misleading-indentation]
   30 |   if(pq->size == pq->capac);
      |   ^~
heap.c:31:3: note: ...this statement, but the latter is misleadingly indented as if it were guarded by the ‘if’
   31 |   {
      |   ^
test.c:276:5: error: ‘main’ is normally a non-static function [-Werror=main]
  276 | int main( int argc, char *argv[] ) {
      |     ^~~~
test.c:292:1: error: expected declaration or statement at end of input
  292 | }
      | ^
test.c:12:6: error: unused variable ‘msg’ [-Werror=unused-variable]
   12 | char msg[300];
      |      ^~~
At top level:
test.c:276:5: error: ‘main’ defined but not used [-Werror=unused-function]
  276 | int main( int argc, char *argv[] ) {
      |     ^~~~
test.c:6:8: error: ‘_strdup’ defined but not used [-Werror=unused-function]
    6 | char * _strdup(const char * str) {
      |        ^~~~~~~
cc1: all warnings being treated as errors
Compilation failed
0d231f1
Sat 14 Oct 2023 06:34:14 PM UTC: 
 heap.c | 2 +-
 1 file changed, 1 insertion(+), 1 deletion(-)
test.c: In function ‘heap_push’:
test.c:276:5: error: ‘main’ is normally a non-static function [-Werror=main]
  276 | int main( int argc, char *argv[] ) {
      |     ^~~~
test.c:292:1: error: expected declaration or statement at end of input
  292 | }
      | ^
test.c:12:6: error: unused variable ‘msg’ [-Werror=unused-variable]
   12 | char msg[300];
      |      ^~~
At top level:
test.c:276:5: error: ‘main’ defined but not used [-Werror=unused-function]
  276 | int main( int argc, char *argv[] ) {
      |     ^~~~
test.c:6:8: error: ‘_strdup’ defined but not used [-Werror=unused-function]
    6 | char * _strdup(const char * str) {
      |        ^~~~~~~
cc1: all warnings being treated as errors
Compilation failed
c9eb6ce
Sat 14 Oct 2023 06:36:45 PM UTC: 
 heap.c | 28 ++++++++++++++++++++++++++++
 1 file changed, 28 insertions(+)
In file included from test.c:4:
heap.c: In function ‘heap_pop’:
heap.c:81:15: error: expected ‘;’ before ‘}’ token
   81 |   pq->size = i
      |               ^
      |               ;
   82 | }
      | ~              
test.c: In function ‘heap_push’:
test.c:276:5: error: ‘main’ is normally a non-static function [-Werror=main]
  276 | int main( int argc, char *argv[] ) {
      |     ^~~~
test.c:292:1: error: expected declaration or statement at end of input
  292 | }
      | ^
test.c:12:6: error: unused variable ‘msg’ [-Werror=unused-variable]
   12 | char msg[300];
      |      ^~~
At top level:
test.c:276:5: error: ‘main’ defined but not used [-Werror=unused-function]
  276 | int main( int argc, char *argv[] ) {
      |     ^~~~
test.c:6:8: error: ‘_strdup’ defined but not used [-Werror=unused-function]
    6 | char * _strdup(const char * str) {
      |        ^~~~~~~
cc1: all warnings being treated as errors
Compilation failed
5714629
Sat 14 Oct 2023 06:36:57 PM UTC: 
 heap.c | 4 ++--
 1 file changed, 2 insertions(+), 2 deletions(-)
test.c: In function ‘heap_pop’:
test.c:276:5: error: ‘main’ is normally a non-static function [-Werror=main]
  276 | int main( int argc, char *argv[] ) {
      |     ^~~~
test.c:292:1: error: expected declaration or statement at end of input
  292 | }
      | ^
test.c:12:6: error: unused variable ‘msg’ [-Werror=unused-variable]
   12 | char msg[300];
      |      ^~~
test.c: In function ‘heap_push’:
test.c:292:1: error: expected declaration or statement at end of input
  292 | }
      | ^
At top level:
test.c:276:5: error: ‘main’ defined but not used [-Werror=unused-function]
  276 | int main( int argc, char *argv[] ) {
      |     ^~~~
test.c:6:8: error: ‘_strdup’ defined but not used [-Werror=unused-function]
    6 | char * _strdup(const char * str) {
      |        ^~~~~~~
cc1: all warnings being treated as errors
Compilation failed
937f11f
Sat 14 Oct 2023 06:37:05 PM UTC: 
 heap.c | 2 +-
 1 file changed, 1 insertion(+), 1 deletion(-)
test.c: In function ‘heap_pop’:
test.c:276:5: error: ‘main’ is normally a non-static function [-Werror=main]
  276 | int main( int argc, char *argv[] ) {
      |     ^~~~
test.c:292:1: error: expected declaration or statement at end of input
  292 | }
      | ^
test.c:12:6: error: unused variable ‘msg’ [-Werror=unused-variable]
   12 | char msg[300];
      |      ^~~
test.c:292:1: error: expected declaration or statement at end of input
  292 | }
      | ^
test.c: In function ‘heap_push’:
test.c:292:1: error: expected declaration or statement at end of input
At top level:
test.c:276:5: error: ‘main’ defined but not used [-Werror=unused-function]
  276 | int main( int argc, char *argv[] ) {
      |     ^~~~
test.c:6:8: error: ‘_strdup’ defined but not used [-Werror=unused-function]
    6 | char * _strdup(const char * str) {
      |        ^~~~~~~
cc1: all warnings being treated as errors
Compilation failed
11e619d
Sat 14 Oct 2023 06:37:17 PM UTC: 
 heap.c | 2 +-
 1 file changed, 1 insertion(+), 1 deletion(-)
test.c: In function ‘heap_push’:
test.c:276:5: error: ‘main’ is normally a non-static function [-Werror=main]
  276 | int main( int argc, char *argv[] ) {
      |     ^~~~
test.c:292:1: error: expected declaration or statement at end of input
  292 | }
      | ^
test.c:12:6: error: unused variable ‘msg’ [-Werror=unused-variable]
   12 | char msg[300];
      |      ^~~
At top level:
test.c:276:5: error: ‘main’ defined but not used [-Werror=unused-function]
  276 | int main( int argc, char *argv[] ) {
      |     ^~~~
test.c:6:8: error: ‘_strdup’ defined but not used [-Werror=unused-function]
    6 | char * _strdup(const char * str) {
      |        ^~~~~~~
cc1: all warnings being treated as errors
Compilation failed
759cbf6
Sat 14 Oct 2023 06:37:52 PM UTC: 
 heap.c | 4 ++--
 1 file changed, 2 insertions(+), 2 deletions(-)
In file included from test.c:4:
heap.c:11:1: error: expected specifier-qualifier-list before ‘heapElem’
   11 | heapElem;
      | ^~~~~~~~
Compilation failed
b3c27b7
Sat 14 Oct 2023 06:39:00 PM UTC: 
 heap.c | 2 +-
 1 file changed, 1 insertion(+), 1 deletion(-)
In file included from test.c:4:
heap.c:11:4: error: expected specifier-qualifier-list before ‘heapElem’
   11 |    heapElem;
      |    ^~~~~~~~
Compilation failed
77c8eee
Sat 14 Oct 2023 06:39:06 PM UTC: 
 heap.c | 2 +-
 1 file changed, 1 insertion(+), 1 deletion(-)
In file included from test.c:4:
heap.c:11:4: error: expected specifier-qualifier-list before ‘heapElem’
   11 |    heapElem;
      |    ^~~~~~~~
Compilation failed
c342f8a
